<?xml version="1.0" encoding="UTF-8"?>
<!-- Generated by org.testng.reporters.JUnitXMLReporter -->
<testsuite ignored="0" hostname="DESKTOP-OCFUN0H" failures="0" tests="3" name="Command line test" time="0.103" errors="0" timestamp="2023-11-06T03:34:47 EET">
  <testcase classname="MatrixTransposeTest" name="testTransposeQuadroMatrix" time="0.016"/>
  <testcase classname="MatrixTransposeTest" name="testTransposeRectangularMatrix" time="0.0"/>
  <testcase classname="MatrixTransposeTest" name="testTransposeSquareMatrix" time="0.001"/>
</testsuite> <!-- Command line test -->
