<?xml version="1.0" encoding="UTF-8"?>
<testng-results ignored="0" total="3" passed="3" failed="0" skipped="0">
  <reporter-output>
  </reporter-output>
  <suite started-at="2023-11-06T03:34:47 EET" name="MatrixTransposeTest" finished-at="2023-11-06T03:34:47 EET" duration-ms="103">
    <groups>
    </groups>
    <test started-at="2023-11-06T03:34:47 EET" name="Command line test" finished-at="2023-11-06T03:34:47 EET" duration-ms="103">
      <class name="MatrixTransposeTest">
        <test-method signature="testTransposeQuadroMatrix()[pri:0, instance:MatrixTransposeTest@5fdba6f9]" started-at="2023-11-06T03:34:47 EET" name="testTransposeQuadroMatrix" finished-at="2023-11-06T03:34:47 EET" duration-ms="16" status="PASS">
          <reporter-output>
          </reporter-output>
        </test-method> <!-- testTransposeQuadroMatrix -->
        <test-method signature="testTransposeRectangularMatrix()[pri:0, instance:MatrixTransposeTest@5fdba6f9]" started-at="2023-11-06T03:34:47 EET" name="testTransposeRectangularMatrix" finished-at="2023-11-06T03:34:47 EET" duration-ms="0" status="PASS">
          <reporter-output>
          </reporter-output>
        </test-method> <!-- testTransposeRectangularMatrix -->
        <test-method signature="testTransposeSquareMatrix()[pri:0, instance:MatrixTransposeTest@5fdba6f9]" started-at="2023-11-06T03:34:47 EET" name="testTransposeSquareMatrix" finished-at="2023-11-06T03:34:47 EET" duration-ms="1" status="PASS">
          <reporter-output>
          </reporter-output>
        </test-method> <!-- testTransposeSquareMatrix -->
      </class> <!-- MatrixTransposeTest -->
    </test> <!-- Command line test -->
  </suite> <!-- MatrixTransposeTest -->
</testng-results>
